# vsim -vopt work.APB_TB_TOP -voptargs="+acc=npr" -l build_APB_TB.log -coverage -assertdebug -c -do "add wave log -r /*; coverage save -onexit -directive -cvg -codeAll cov.ucdb; run -all;quit;" -wlf waveform.wlf 
# Start time: 12:38:33 on Apr 25,2025
# ** Note: (vsim-3812) Design is being optimized...
# //  Questa Sim
# //  Version 10.6c linux Jul 25 2017
# //
# //  Copyright 1991-2017 Mentor Graphics Corporation
# //  All Rights Reserved.
# //
# //  QuestaSim and its associated documentation contain trade
# //  secrets and commercial or financial information that are the property of
# //  Mentor Graphics Corporation and are privileged, confidential,
# //  and exempt from disclosure under the Freedom of Information Act,
# //  5 U.S.C. Section 552. Furthermore, this information
# //  is prohibited from disclosure under the Trade Secrets Act,
# //  18 U.S.C. Section 1905.
# //
# Loading sv_std.std
# Loading mtiUvm.uvm_pkg
# Loading work.apb_top_svh_unit(fast)
# Loading work.APB_TB_TOP(fast)
# Loading work.apb_if(fast)
# Loading work.APB_Protocol(fast)
# Loading work.master_bridge(fast)
# Loading work.slave1(fast)
# Loading work.slave2(fast)
# Loading mtiUvm.questa_uvm_pkg(fast)
# Loading work.apb_if(fast)
# Loading /tools/mentor/questasim_10.6c/questasim/uvm-1.1d/linux/uvm_dpi.so
# ** Warning: (vsim-8634) Code was not compiled with coverage options.
# add wave log -r /*
# (vish-4014) No objects found matching 'log'.
#  coverage save -onexit -directive -cvg -codeAll cov.ucdb
#  run -all
# ----------------------------------------------------------------
# UVM-1.1d
# (C) 2007-2013 Mentor Graphics Corporation
# (C) 2007-2013 Cadence Design Systems, Inc.
# (C) 2006-2013 Synopsys, Inc.
# (C) 2011-2013 Cypress Semiconductor Corp.
# ----------------------------------------------------------------
# 
#   ***********       IMPORTANT RELEASE NOTES         ************
# 
#   You are using a version of the UVM library that has been compiled
#   with `UVM_NO_DEPRECATED undefined.
#   See http://www.eda.org/svdb/view.php?id=3313 for more details.
# 
#   You are using a version of the UVM library that has been compiled
#   with `UVM_OBJECT_MUST_HAVE_CONSTRUCTOR undefined.
#   See http://www.eda.org/svdb/view.php?id=3770 for more details.
# 
#       (Specify +UVM_NO_RELNOTES to turn off this notice)
# 
# UVM_INFO verilog_src/questa_uvm_pkg-1.2/src/questa_uvm_pkg.sv(215) @ 0: reporter [Questa UVM] QUESTA_UVM-1.2.3
# UVM_INFO verilog_src/questa_uvm_pkg-1.2/src/questa_uvm_pkg.sv(217) @ 0: reporter [Questa UVM]  questa_uvm::init(+struct)
# UVM_INFO @ 0: reporter [RNTST] Running test apb_targeted_addr_write_read_test...
# UVM_INFO @ 0: reporter [UVMTOP] UVM testbench topology:
# -------------------------------------------------------------------------
# Name                       Type                               Size  Value
# -------------------------------------------------------------------------
# uvm_test_top               apb_targeted_addr_write_read_test  -     @467 
#   apb_env_h                apb_env                            -     @478 
#     a1                     apb_active_agent_a1                -     @489 
#       apb_drv_h            apb_a1_driver                      -     @635 
#         rsp_port           uvm_analysis_port                  -     @650 
#         seq_item_port      uvm_seq_item_pull_port             -     @642 
#       apb_mon_h            apb_a1_monitor                     -     @658 
#         apb_a1_mon_port    uvm_analysis_port                  -     @665 
#       apb_seqr_h           apb_a1_sequencer                   -     @526 
#         rsp_export         uvm_analysis_export                -     @533 
#         seq_item_export    uvm_seq_item_pull_imp              -     @627 
#         arbitration_queue  array                              0     -    
#         lock_queue         array                              0     -    
#         num_last_reqs      integral                           32    'd1  
#         num_last_rsps      integral                           32    'd1  
#     a2                     apb_passive_agent_a2               -     @496 
#       apb_mon_h            apb_a2_monitor                     -     @685 
#         apb_a2_mon_port    uvm_analysis_port                  -     @692 
#     apb_cov_inst           apb_coverage                       -     @503 
#       analysis_imp         uvm_analysis_imp                   -     @510 
#     apb_scb                apb_scoreboard                     -     @518 
#       apb_a1_scb_port      uvm_analysis_imp_mon_a             -     @705 
#       apb_a2_scb_port      uvm_analysis_imp_mon_b             -     @713 
# -------------------------------------------------------------------------
# 
#                    0 Starting sequence apb_a1_seq run_phase
# --------------------------------------------------------------------------------------------------------------------
# Name                           Type                Size  Value                                                      
# --------------------------------------------------------------------------------------------------------------------
# apb_tx_h                       apb_write_seq_item  -     @724                                                       
#   PRESETn                      integral            1     'h1                                                        
#   PSLVERR                      integral            1     'h0                                                        
#   apb_read_data_out            integral            8     'h0                                                        
#   transfer                     integral            1     'h1                                                        
#   READ_WRITE                   integral            1     'h0                                                        
#   apb_write_data               integral            8     'h18                                                       
#   apb_write_paddr              integral            9     'h2                                                        
#   apb_read_paddr               integral            9     'h1df                                                      
#   begin_time                   time                64    0                                                          
#   depth                        int                 32    'd2                                                        
#   parent sequence (name)       string              22    apb_tar_addr_wr_rd_seq                                     
#   parent sequence (full name)  string              59    uvm_test_top.apb_env_h.a1.apb_seqr_h.apb_tar_addr_wr_rd_seq
#   sequencer                    string              36    uvm_test_top.apb_env_h.a1.apb_seqr_h                       
# --------------------------------------------------------------------------------------------------------------------
# ** Error (suppressible): (vsim-12030) Covergroup Builtin function call 'sample' is ignored as the covergroup object of type '/apb_top_svh_unit::apb_coverage::#apb_cg#' is not constructed.
#    Time: 30 ns  Iteration: 1  Region: /uvm_pkg::uvm_task_phase::execute
# UVM_INFO ../uvm_tb/TB_TOP/../env/apb_scoreboard.sv(84) @ 31: uvm_test_top.apb_env_h.apb_scb [apb_scoreboard] ------ :: WRITE DATA       :: ------
# UVM_INFO ../uvm_tb/TB_TOP/../env/apb_scoreboard.sv(85) @ 31: uvm_test_top.apb_env_h.apb_scb [apb_scoreboard] Addr: 2
# UVM_INFO ../uvm_tb/TB_TOP/../env/apb_scoreboard.sv(86) @ 31: uvm_test_top.apb_env_h.apb_scb [apb_scoreboard] Data: 18
# UVM_INFO ../uvm_tb/TB_TOP/../env/apb_scoreboard.sv(87) @ 31: uvm_test_top.apb_env_h.apb_scb [apb_scoreboard] ------------------------------------
# ** Error (suppressible): (vsim-12030) Covergroup Builtin function call 'sample' is ignored as the covergroup object of type '/apb_top_svh_unit::apb_coverage::#apb_cg#' is not constructed.
#    Time: 50 ns  Iteration: 1  Region: /uvm_pkg::uvm_task_phase::execute
# UVM_INFO ../uvm_tb/TB_TOP/../env/apb_scoreboard.sv(84) @ 51: uvm_test_top.apb_env_h.apb_scb [apb_scoreboard] ------ :: WRITE DATA       :: ------
# UVM_INFO ../uvm_tb/TB_TOP/../env/apb_scoreboard.sv(85) @ 51: uvm_test_top.apb_env_h.apb_scb [apb_scoreboard] Addr: 2
# UVM_INFO ../uvm_tb/TB_TOP/../env/apb_scoreboard.sv(86) @ 51: uvm_test_top.apb_env_h.apb_scb [apb_scoreboard] Data: 18
# UVM_INFO ../uvm_tb/TB_TOP/../env/apb_scoreboard.sv(87) @ 51: uvm_test_top.apb_env_h.apb_scb [apb_scoreboard] ------------------------------------
# --------------------------------------------------------------------------------------------------------------------
# Name                           Type                Size  Value                                                      
# --------------------------------------------------------------------------------------------------------------------
# apb_tx_h                       apb_write_seq_item  -     @753                                                       
#   PRESETn                      integral            1     'h1                                                        
#   PSLVERR                      integral            1     'h0                                                        
#   apb_read_data_out            integral            8     'h0                                                        
#   transfer                     integral            1     'h1                                                        
#   READ_WRITE                   integral            1     'h0                                                        
#   apb_write_data               integral            8     'h16                                                       
#   apb_write_paddr              integral            9     'h3                                                        
#   apb_read_paddr               integral            9     'h1a7                                                      
#   begin_time                   time                64    60                                                         
#   depth                        int                 32    'd2                                                        
#   parent sequence (name)       string              22    apb_tar_addr_wr_rd_seq                                     
#   parent sequence (full name)  string              59    uvm_test_top.apb_env_h.a1.apb_seqr_h.apb_tar_addr_wr_rd_seq
#   sequencer                    string              36    uvm_test_top.apb_env_h.a1.apb_seqr_h                       
# --------------------------------------------------------------------------------------------------------------------
# ** Error (suppressible): (vsim-12030) Covergroup Builtin function call 'sample' is ignored as the covergroup object of type '/apb_top_svh_unit::apb_coverage::#apb_cg#' is not constructed.
#    Time: 70 ns  Iteration: 1  Region: /uvm_pkg::uvm_task_phase::execute
# UVM_INFO ../uvm_tb/TB_TOP/../env/apb_scoreboard.sv(84) @ 71: uvm_test_top.apb_env_h.apb_scb [apb_scoreboard] ------ :: WRITE DATA       :: ------
# UVM_INFO ../uvm_tb/TB_TOP/../env/apb_scoreboard.sv(85) @ 71: uvm_test_top.apb_env_h.apb_scb [apb_scoreboard] Addr: 2
# UVM_INFO ../uvm_tb/TB_TOP/../env/apb_scoreboard.sv(86) @ 71: uvm_test_top.apb_env_h.apb_scb [apb_scoreboard] Data: 18
# UVM_INFO ../uvm_tb/TB_TOP/../env/apb_scoreboard.sv(87) @ 71: uvm_test_top.apb_env_h.apb_scb [apb_scoreboard] ------------------------------------
# ** Error (suppressible): (vsim-12030) Covergroup Builtin function call 'sample' is ignored as the covergroup object of type '/apb_top_svh_unit::apb_coverage::#apb_cg#' is not constructed.
#    Time: 90 ns  Iteration: 1  Region: /uvm_pkg::uvm_task_phase::execute
# UVM_INFO ../uvm_tb/TB_TOP/../env/apb_scoreboard.sv(84) @ 91: uvm_test_top.apb_env_h.apb_scb [apb_scoreboard] ------ :: WRITE DATA       :: ------
# UVM_INFO ../uvm_tb/TB_TOP/../env/apb_scoreboard.sv(85) @ 91: uvm_test_top.apb_env_h.apb_scb [apb_scoreboard] Addr: 3
# UVM_INFO ../uvm_tb/TB_TOP/../env/apb_scoreboard.sv(86) @ 91: uvm_test_top.apb_env_h.apb_scb [apb_scoreboard] Data: 16
# UVM_INFO ../uvm_tb/TB_TOP/../env/apb_scoreboard.sv(87) @ 91: uvm_test_top.apb_env_h.apb_scb [apb_scoreboard] ------------------------------------
# ** Error (suppressible): (vsim-12030) Covergroup Builtin function call 'sample' is ignored as the covergroup object of type '/apb_top_svh_unit::apb_coverage::#apb_cg#' is not constructed.
#    Time: 110 ns  Iteration: 1  Region: /uvm_pkg::uvm_task_phase::execute
# UVM_INFO ../uvm_tb/TB_TOP/../env/apb_scoreboard.sv(84) @ 111: uvm_test_top.apb_env_h.apb_scb [apb_scoreboard] ------ :: WRITE DATA       :: ------
# UVM_INFO ../uvm_tb/TB_TOP/../env/apb_scoreboard.sv(85) @ 111: uvm_test_top.apb_env_h.apb_scb [apb_scoreboard] Addr: 3
# UVM_INFO ../uvm_tb/TB_TOP/../env/apb_scoreboard.sv(86) @ 111: uvm_test_top.apb_env_h.apb_scb [apb_scoreboard] Data: 16
# UVM_INFO ../uvm_tb/TB_TOP/../env/apb_scoreboard.sv(87) @ 111: uvm_test_top.apb_env_h.apb_scb [apb_scoreboard] ------------------------------------
# --------------------------------------------------------------------------------------------------------------------
# Name                           Type                Size  Value                                                      
# --------------------------------------------------------------------------------------------------------------------
# apb_tx_h                       apb_write_seq_item  -     @757                                                       
#   PRESETn                      integral            1     'h0                                                        
#   PSLVERR                      integral            1     'h0                                                        
#   apb_read_data_out            integral            8     'h0                                                        
#   transfer                     integral            1     'h1                                                        
#   READ_WRITE                   integral            1     'h0                                                        
#   apb_write_data               integral            8     'h2c                                                       
#   apb_write_paddr              integral            9     'h4                                                        
#   apb_read_paddr               integral            9     'h31                                                       
#   begin_time                   time                64    120                                                        
#   depth                        int                 32    'd2                                                        
#   parent sequence (name)       string              22    apb_tar_addr_wr_rd_seq                                     
#   parent sequence (full name)  string              59    uvm_test_top.apb_env_h.a1.apb_seqr_h.apb_tar_addr_wr_rd_seq
#   sequencer                    string              36    uvm_test_top.apb_env_h.a1.apb_seqr_h                       
# --------------------------------------------------------------------------------------------------------------------
# ** Error (suppressible): (vsim-12030) Covergroup Builtin function call 'sample' is ignored as the covergroup object of type '/apb_top_svh_unit::apb_coverage::#apb_cg#' is not constructed.
#    Time: 130 ns  Iteration: 1  Region: /uvm_pkg::uvm_task_phase::execute
# UVM_INFO ../uvm_tb/TB_TOP/../env/apb_scoreboard.sv(84) @ 131: uvm_test_top.apb_env_h.apb_scb [apb_scoreboard] ------ :: WRITE DATA       :: ------
# UVM_INFO ../uvm_tb/TB_TOP/../env/apb_scoreboard.sv(85) @ 131: uvm_test_top.apb_env_h.apb_scb [apb_scoreboard] Addr: 3
# UVM_INFO ../uvm_tb/TB_TOP/../env/apb_scoreboard.sv(86) @ 131: uvm_test_top.apb_env_h.apb_scb [apb_scoreboard] Data: 16
# UVM_INFO ../uvm_tb/TB_TOP/../env/apb_scoreboard.sv(87) @ 131: uvm_test_top.apb_env_h.apb_scb [apb_scoreboard] ------------------------------------
# ** Error (suppressible): (vsim-12030) Covergroup Builtin function call 'sample' is ignored as the covergroup object of type '/apb_top_svh_unit::apb_coverage::#apb_cg#' is not constructed.
#    Time: 150 ns  Iteration: 1  Region: /uvm_pkg::uvm_task_phase::execute
# UVM_INFO ../uvm_tb/TB_TOP/../env/apb_scoreboard.sv(84) @ 151: uvm_test_top.apb_env_h.apb_scb [apb_scoreboard] ------ :: WRITE DATA       :: ------
# UVM_INFO ../uvm_tb/TB_TOP/../env/apb_scoreboard.sv(85) @ 151: uvm_test_top.apb_env_h.apb_scb [apb_scoreboard] Addr: 4
# UVM_INFO ../uvm_tb/TB_TOP/../env/apb_scoreboard.sv(86) @ 151: uvm_test_top.apb_env_h.apb_scb [apb_scoreboard] Data: 2c
# UVM_INFO ../uvm_tb/TB_TOP/../env/apb_scoreboard.sv(87) @ 151: uvm_test_top.apb_env_h.apb_scb [apb_scoreboard] ------------------------------------
# ** Error (suppressible): (vsim-12030) Covergroup Builtin function call 'sample' is ignored as the covergroup object of type '/apb_top_svh_unit::apb_coverage::#apb_cg#' is not constructed.
#    Time: 170 ns  Iteration: 1  Region: /uvm_pkg::uvm_task_phase::execute
# UVM_INFO ../uvm_tb/TB_TOP/../env/apb_scoreboard.sv(84) @ 171: uvm_test_top.apb_env_h.apb_scb [apb_scoreboard] ------ :: WRITE DATA       :: ------
# UVM_INFO ../uvm_tb/TB_TOP/../env/apb_scoreboard.sv(85) @ 171: uvm_test_top.apb_env_h.apb_scb [apb_scoreboard] Addr: 4
# UVM_INFO ../uvm_tb/TB_TOP/../env/apb_scoreboard.sv(86) @ 171: uvm_test_top.apb_env_h.apb_scb [apb_scoreboard] Data: 2c
# UVM_INFO ../uvm_tb/TB_TOP/../env/apb_scoreboard.sv(87) @ 171: uvm_test_top.apb_env_h.apb_scb [apb_scoreboard] ------------------------------------
# --------------------------------------------------------------------------------------------------------------------
# Name                           Type                Size  Value                                                      
# --------------------------------------------------------------------------------------------------------------------
# apb_tx_h                       apb_write_seq_item  -     @761                                                       
#   PRESETn                      integral            1     'h1                                                        
#   PSLVERR                      integral            1     'h0                                                        
#   apb_read_data_out            integral            8     'h0                                                        
#   transfer                     integral            1     'h1                                                        
#   READ_WRITE                   integral            1     'h0                                                        
#   apb_write_data               integral            8     'h40                                                       
#   apb_write_paddr              integral            9     'h5                                                        
#   apb_read_paddr               integral            9     'h97                                                       
#   begin_time                   time                64    180                                                        
#   depth                        int                 32    'd2                                                        
#   parent sequence (name)       string              22    apb_tar_addr_wr_rd_seq                                     
#   parent sequence (full name)  string              59    uvm_test_top.apb_env_h.a1.apb_seqr_h.apb_tar_addr_wr_rd_seq
#   sequencer                    string              36    uvm_test_top.apb_env_h.a1.apb_seqr_h                       
# --------------------------------------------------------------------------------------------------------------------
# ** Error (suppressible): (vsim-12030) Covergroup Builtin function call 'sample' is ignored as the covergroup object of type '/apb_top_svh_unit::apb_coverage::#apb_cg#' is not constructed.
#    Time: 190 ns  Iteration: 1  Region: /uvm_pkg::uvm_task_phase::execute
# UVM_INFO ../uvm_tb/TB_TOP/../env/apb_scoreboard.sv(84) @ 191: uvm_test_top.apb_env_h.apb_scb [apb_scoreboard] ------ :: WRITE DATA       :: ------
# UVM_INFO ../uvm_tb/TB_TOP/../env/apb_scoreboard.sv(85) @ 191: uvm_test_top.apb_env_h.apb_scb [apb_scoreboard] Addr: 4
# UVM_INFO ../uvm_tb/TB_TOP/../env/apb_scoreboard.sv(86) @ 191: uvm_test_top.apb_env_h.apb_scb [apb_scoreboard] Data: 2c
# UVM_INFO ../uvm_tb/TB_TOP/../env/apb_scoreboard.sv(87) @ 191: uvm_test_top.apb_env_h.apb_scb [apb_scoreboard] ------------------------------------
# ** Error (suppressible): (vsim-12030) Covergroup Builtin function call 'sample' is ignored as the covergroup object of type '/apb_top_svh_unit::apb_coverage::#apb_cg#' is not constructed.
#    Time: 210 ns  Iteration: 1  Region: /uvm_pkg::uvm_task_phase::execute
# UVM_INFO ../uvm_tb/TB_TOP/../env/apb_scoreboard.sv(84) @ 211: uvm_test_top.apb_env_h.apb_scb [apb_scoreboard] ------ :: WRITE DATA       :: ------
# UVM_INFO ../uvm_tb/TB_TOP/../env/apb_scoreboard.sv(85) @ 211: uvm_test_top.apb_env_h.apb_scb [apb_scoreboard] Addr: 5
# UVM_INFO ../uvm_tb/TB_TOP/../env/apb_scoreboard.sv(86) @ 211: uvm_test_top.apb_env_h.apb_scb [apb_scoreboard] Data: 40
# UVM_INFO ../uvm_tb/TB_TOP/../env/apb_scoreboard.sv(87) @ 211: uvm_test_top.apb_env_h.apb_scb [apb_scoreboard] ------------------------------------
# ** Error (suppressible): (vsim-12030) Covergroup Builtin function call 'sample' is ignored as the covergroup object of type '/apb_top_svh_unit::apb_coverage::#apb_cg#' is not constructed.
#    Time: 230 ns  Iteration: 1  Region: /uvm_pkg::uvm_task_phase::execute
# UVM_INFO ../uvm_tb/TB_TOP/../env/apb_scoreboard.sv(84) @ 231: uvm_test_top.apb_env_h.apb_scb [apb_scoreboard] ------ :: WRITE DATA       :: ------
# UVM_INFO ../uvm_tb/TB_TOP/../env/apb_scoreboard.sv(85) @ 231: uvm_test_top.apb_env_h.apb_scb [apb_scoreboard] Addr: 5
# UVM_INFO ../uvm_tb/TB_TOP/../env/apb_scoreboard.sv(86) @ 231: uvm_test_top.apb_env_h.apb_scb [apb_scoreboard] Data: 40
# UVM_INFO ../uvm_tb/TB_TOP/../env/apb_scoreboard.sv(87) @ 231: uvm_test_top.apb_env_h.apb_scb [apb_scoreboard] ------------------------------------
# --------------------------------------------------------------------------------------------------------------------
# Name                           Type                Size  Value                                                      
# --------------------------------------------------------------------------------------------------------------------
# apb_tx_h                       apb_write_seq_item  -     @765                                                       
#   PRESETn                      integral            1     'h0                                                        
#   PSLVERR                      integral            1     'h0                                                        
#   apb_read_data_out            integral            8     'h0                                                        
#   transfer                     integral            1     'h1                                                        
#   READ_WRITE                   integral            1     'h1                                                        
#   apb_write_data               integral            8     'h75                                                       
#   apb_write_paddr              integral            9     'h18f                                                      
#   apb_read_paddr               integral            9     'h2                                                        
#   begin_time                   time                64    240                                                        
#   depth                        int                 32    'd2                                                        
#   parent sequence (name)       string              22    apb_tar_addr_wr_rd_seq                                     
#   parent sequence (full name)  string              59    uvm_test_top.apb_env_h.a1.apb_seqr_h.apb_tar_addr_wr_rd_seq
#   sequencer                    string              36    uvm_test_top.apb_env_h.a1.apb_seqr_h                       
# --------------------------------------------------------------------------------------------------------------------
# ** Error (suppressible): (vsim-12030) Covergroup Builtin function call 'sample' is ignored as the covergroup object of type '/apb_top_svh_unit::apb_coverage::#apb_cg#' is not constructed.
#    Time: 250 ns  Iteration: 1  Region: /uvm_pkg::uvm_task_phase::execute
# UVM_INFO ../uvm_tb/TB_TOP/../env/apb_scoreboard.sv(84) @ 251: uvm_test_top.apb_env_h.apb_scb [apb_scoreboard] ------ :: WRITE DATA       :: ------
# UVM_INFO ../uvm_tb/TB_TOP/../env/apb_scoreboard.sv(85) @ 251: uvm_test_top.apb_env_h.apb_scb [apb_scoreboard] Addr: 5
# UVM_INFO ../uvm_tb/TB_TOP/../env/apb_scoreboard.sv(86) @ 251: uvm_test_top.apb_env_h.apb_scb [apb_scoreboard] Data: 40
# UVM_INFO ../uvm_tb/TB_TOP/../env/apb_scoreboard.sv(87) @ 251: uvm_test_top.apb_env_h.apb_scb [apb_scoreboard] ------------------------------------
# --------------------------------------------------------------------------------------------------------------------
# Name                           Type                Size  Value                                                      
# --------------------------------------------------------------------------------------------------------------------
# apb_tx_h                       apb_write_seq_item  -     @769                                                       
#   PRESETn                      integral            1     'h1                                                        
#   PSLVERR                      integral            1     'h0                                                        
#   apb_read_data_out            integral            8     'h0                                                        
#   transfer                     integral            1     'h1                                                        
#   READ_WRITE                   integral            1     'h1                                                        
#   apb_write_data               integral            8     'h3e                                                       
#   apb_write_paddr              integral            9     'h95                                                       
#   apb_read_paddr               integral            9     'h3                                                        
#   begin_time                   time                64    300                                                        
#   depth                        int                 32    'd2                                                        
#   parent sequence (name)       string              22    apb_tar_addr_wr_rd_seq                                     
#   parent sequence (full name)  string              59    uvm_test_top.apb_env_h.a1.apb_seqr_h.apb_tar_addr_wr_rd_seq
#   sequencer                    string              36    uvm_test_top.apb_env_h.a1.apb_seqr_h                       
# --------------------------------------------------------------------------------------------------------------------
# UVM_INFO ../uvm_tb/TB_TOP/../env/apb_scoreboard.sv(97) @ 311: uvm_test_top.apb_env_h.apb_scb [apb_scoreboard] ------ :: READ DATA Match :: ------
# UVM_INFO ../uvm_tb/TB_TOP/../env/apb_scoreboard.sv(98) @ 311: uvm_test_top.apb_env_h.apb_scb [apb_scoreboard] write Addr : 0  and read_addr:2
# UVM_INFO ../uvm_tb/TB_TOP/../env/apb_scoreboard.sv(99) @ 311: uvm_test_top.apb_env_h.apb_scb [apb_scoreboard] Expected Data: 18 Actual Data: 18
# UVM_INFO ../uvm_tb/TB_TOP/../env/apb_scoreboard.sv(100) @ 311: uvm_test_top.apb_env_h.apb_scb [apb_scoreboard] ------------------------------------
# --------------------------------------------------------------------------------------------------------------------
# Name                           Type                Size  Value                                                      
# --------------------------------------------------------------------------------------------------------------------
# apb_tx_h                       apb_write_seq_item  -     @773                                                       
#   PRESETn                      integral            1     'h0                                                        
#   PSLVERR                      integral            1     'h0                                                        
#   apb_read_data_out            integral            8     'h0                                                        
#   transfer                     integral            1     'h1                                                        
#   READ_WRITE                   integral            1     'h1                                                        
#   apb_write_data               integral            8     'h7a                                                       
#   apb_write_paddr              integral            9     'h97                                                       
#   apb_read_paddr               integral            9     'h4                                                        
#   begin_time                   time                64    360                                                        
#   depth                        int                 32    'd2                                                        
#   parent sequence (name)       string              22    apb_tar_addr_wr_rd_seq                                     
#   parent sequence (full name)  string              59    uvm_test_top.apb_env_h.a1.apb_seqr_h.apb_tar_addr_wr_rd_seq
#   sequencer                    string              36    uvm_test_top.apb_env_h.a1.apb_seqr_h                       
# --------------------------------------------------------------------------------------------------------------------
# UVM_INFO ../uvm_tb/TB_TOP/../env/apb_scoreboard.sv(97) @ 371: uvm_test_top.apb_env_h.apb_scb [apb_scoreboard] ------ :: READ DATA Match :: ------
# UVM_INFO ../uvm_tb/TB_TOP/../env/apb_scoreboard.sv(98) @ 371: uvm_test_top.apb_env_h.apb_scb [apb_scoreboard] write Addr : 0  and read_addr:3
# UVM_INFO ../uvm_tb/TB_TOP/../env/apb_scoreboard.sv(99) @ 371: uvm_test_top.apb_env_h.apb_scb [apb_scoreboard] Expected Data: 16 Actual Data: 16
# UVM_INFO ../uvm_tb/TB_TOP/../env/apb_scoreboard.sv(100) @ 371: uvm_test_top.apb_env_h.apb_scb [apb_scoreboard] ------------------------------------
# --------------------------------------------------------------------------------------------------------------------
# Name                           Type                Size  Value                                                      
# --------------------------------------------------------------------------------------------------------------------
# apb_tx_h                       apb_write_seq_item  -     @777                                                       
#   PRESETn                      integral            1     'h1                                                        
#   PSLVERR                      integral            1     'h0                                                        
#   apb_read_data_out            integral            8     'h0                                                        
#   transfer                     integral            1     'h1                                                        
#   READ_WRITE                   integral            1     'h1                                                        
#   apb_write_data               integral            8     'h7                                                        
#   apb_write_paddr              integral            9     'h54                                                       
#   apb_read_paddr               integral            9     'h5                                                        
#   begin_time                   time                64    420                                                        
#   depth                        int                 32    'd2                                                        
#   parent sequence (name)       string              22    apb_tar_addr_wr_rd_seq                                     
#   parent sequence (full name)  string              59    uvm_test_top.apb_env_h.a1.apb_seqr_h.apb_tar_addr_wr_rd_seq
#   sequencer                    string              36    uvm_test_top.apb_env_h.a1.apb_seqr_h                       
# --------------------------------------------------------------------------------------------------------------------
# UVM_INFO ../uvm_tb/TB_TOP/../env/apb_scoreboard.sv(97) @ 431: uvm_test_top.apb_env_h.apb_scb [apb_scoreboard] ------ :: READ DATA Match :: ------
# UVM_INFO ../uvm_tb/TB_TOP/../env/apb_scoreboard.sv(98) @ 431: uvm_test_top.apb_env_h.apb_scb [apb_scoreboard] write Addr : 0  and read_addr:4
# UVM_INFO ../uvm_tb/TB_TOP/../env/apb_scoreboard.sv(99) @ 431: uvm_test_top.apb_env_h.apb_scb [apb_scoreboard] Expected Data: 2c Actual Data: 2c
# UVM_INFO ../uvm_tb/TB_TOP/../env/apb_scoreboard.sv(100) @ 431: uvm_test_top.apb_env_h.apb_scb [apb_scoreboard] ------------------------------------
# UVM_INFO verilog_src/uvm-1.1d/src/base/uvm_objection.svh(1268) @ 480: reporter [TEST_DONE] 'run' phase is ready to proceed to the 'extract' phase
# 
# --- UVM Report Summary ---
# 
# ** Report counts by severity
# UVM_INFO :   65
# UVM_WARNING :    0
# UVM_ERROR :    0
# UVM_FATAL :    0
# ** Report counts by id
# [Questa UVM]     2
# [RNTST]     1
# [TEST_DONE]     1
# [UVMTOP]     1
# [apb_scoreboard]    60
# ** Note: $finish    : /tools/mentor/questasim_10.6c/questasim/linux/../verilog_src/uvm-1.1d/src/base/uvm_root.svh(430)
#    Time: 480 ns  Iteration: 54  Instance: /APB_TB_TOP
# Saving coverage database on exit...
# End time: 12:38:40 on Apr 25,2025, Elapsed time: 0:00:07
# Errors: 12, Warnings: 1
